d:\visual studio\popcorn_project\popcorn\popcorn\x64\debug\vc143.pdb
d:\visual studio\popcorn_project\popcorn\popcorn\x64\debug\vc143.idb
d:\visual studio\popcorn_project\popcorn\popcorn\x64\debug\main.obj
d:\visual studio\popcorn_project\popcorn\popcorn\x64\debug\engine.obj
d:\visual studio\popcorn_project\popcorn\popcorn\x64\debug\border.obj
d:\visual studio\popcorn_project\popcorn\popcorn\x64\debug\config.obj
d:\visual studio\popcorn_project\popcorn\popcorn\x64\debug\level.obj
d:\visual studio\popcorn_project\popcorn\popcorn\x64\debug\ball.obj
d:\visual studio\popcorn_project\popcorn\popcorn\x64\debug\platform.obj
d:\visual studio\popcorn_project\popcorn\popcorn\x64\debug\active_brick.obj
d:\visual studio\popcorn_project\popcorn\popcorn\x64\debug\popcorn.res
d:\visual studio\popcorn_project\popcorn\x64\debug\popcorn.pdb
d:\visual studio\popcorn_project\popcorn\popcorn\x64\debug\popcorn.tlog\cl.command.1.tlog
d:\visual studio\popcorn_project\popcorn\popcorn\x64\debug\popcorn.tlog\cl.read.1.tlog
d:\visual studio\popcorn_project\popcorn\popcorn\x64\debug\popcorn.tlog\cl.write.1.tlog
d:\visual studio\popcorn_project\popcorn\popcorn\x64\debug\popcorn.tlog\link-cvtres.read.1.tlog
d:\visual studio\popcorn_project\popcorn\popcorn\x64\debug\popcorn.tlog\link-cvtres.write.1.tlog
d:\visual studio\popcorn_project\popcorn\popcorn\x64\debug\popcorn.tlog\link-rc.read.1.tlog
d:\visual studio\popcorn_project\popcorn\popcorn\x64\debug\popcorn.tlog\link-rc.write.1.tlog
d:\visual studio\popcorn_project\popcorn\popcorn\x64\debug\popcorn.tlog\link.26016-cvtres.read.1.tlog
d:\visual studio\popcorn_project\popcorn\popcorn\x64\debug\popcorn.tlog\link.26016-cvtres.write.1.tlog
d:\visual studio\popcorn_project\popcorn\popcorn\x64\debug\popcorn.tlog\link.26016-rc.read.1.tlog
d:\visual studio\popcorn_project\popcorn\popcorn\x64\debug\popcorn.tlog\link.26016-rc.write.1.tlog
d:\visual studio\popcorn_project\popcorn\popcorn\x64\debug\popcorn.tlog\link.26016.read.1.tlog
d:\visual studio\popcorn_project\popcorn\popcorn\x64\debug\popcorn.tlog\link.26016.read.2.tlog
d:\visual studio\popcorn_project\popcorn\popcorn\x64\debug\popcorn.tlog\link.26016.write.1.tlog
d:\visual studio\popcorn_project\popcorn\popcorn\x64\debug\popcorn.tlog\link.command.1.tlog
d:\visual studio\popcorn_project\popcorn\popcorn\x64\debug\popcorn.tlog\link.read.1.tlog
d:\visual studio\popcorn_project\popcorn\popcorn\x64\debug\popcorn.tlog\link.read.2.tlog
d:\visual studio\popcorn_project\popcorn\popcorn\x64\debug\popcorn.tlog\link.write.1.tlog
d:\visual studio\popcorn_project\popcorn\popcorn\x64\debug\popcorn.tlog\rc.command.1.tlog
d:\visual studio\popcorn_project\popcorn\popcorn\x64\debug\popcorn.tlog\rc.read.1.tlog
d:\visual studio\popcorn_project\popcorn\popcorn\x64\debug\popcorn.tlog\rc.write.1.tlog
